<?xml version="1.0" encoding="UTF-8"?>
<!-- Generated by org.testng.reporters.JUnitReportReporter -->
<testsuite skipped="0" hostname="LAPTOP-O2PKAGMN" name="testCases.AmazonBuyProduct" tests="2" failures="0" timestamp="13 Aug 2020 08:27:19 GMT" time="57.902" errors="0">
  <testcase name="testLoginInvalidConditionTest" time="25.485" classname="testCases.AmazonBuyProduct"/>
  <testcase name="testLoginInvalidConditionTest" time="32.417" classname="testCases.AmazonBuyProduct"/>
</testsuite> <!-- testCases.AmazonBuyProduct -->
